# JRE version: OpenJDK Runtime Environment Temurin-17.0.8.1+1 (17.0.8.1+1) (build 17.0.8.1+1)
# Java VM: OpenJDK 64-Bit Server VM Temurin-17.0.8.1+1 (17.0.8.1+1, mixed mode, sharing, tiered, compressed oops, compressed class ptrs, g1 gc, windows-amd64)
GC Precious Log:
 CPUs: 8 total, 8 available
 Memory: 16026M
 Large Page Support: Disabled
 NUMA Support: Disabled
 Compressed Oops: Enabled (Zero based)
 Heap Region Size: 2M
 Heap Min Capacity: 8M
 Heap Initial Capacity: 252M
 Heap Max Capacity: 4G
 Pre-touch: Disabled
 Parallel Workers: 8
 Concurrent Workers: 2
 Concurrent Refinement Workers: 8
 Periodic GC: Disabled
Heap:
 garbage-first heap   total 419840K, used 318998K [0x0000000700000000, 0x0000000800000000)
  region size 2048K, 49 young (100352K), 8 survivors (16384K)
 Metaspace       used 162981K, committed 164096K, reserved 1245184K
  class space    used 20845K, committed 21376K, reserved 1048576K
GC Heap History (20 events):
Event: 63.953 GC heap before
{Heap before GC invocations=74 (full 0):
 garbage-first heap   total 331776K, used 266490K [0x0000000700000000, 0x0000000800000000)
  region size 2048K, 30 young (61440K), 4 survivors (8192K)
 Metaspace       used 146929K, committed 147904K, reserved 1179648K
  class space    used 18717K, committed 19200K, reserved 1048576K
}
Event: 63.962 GC heap after
{Heap after GC invocations=75 (full 0):
 garbage-first heap   total 331776K, used 222255K [0x0000000700000000, 0x0000000800000000)
  region size 2048K, 4 young (8192K), 4 survivors (8192K)
 Metaspace       used 146929K, committed 147904K, reserved 1179648K
  class space    used 18717K, committed 19200K, reserved 1048576K
}
Event: 66.278 GC heap before
{Heap before GC invocations=75 (full 0):
 garbage-first heap   total 331776K, used 271407K [0x0000000700000000, 0x0000000800000000)
  region size 2048K, 28 young (57344K), 4 survivors (8192K)
 Metaspace       used 149868K, committed 150848K, reserved 1245184K
  class space    used 18931K, committed 19392K, reserved 1048576K
}
Event: 66.286 GC heap after
{Heap after GC invocations=76 (full 0):
 garbage-first heap   total 331776K, used 231702K [0x0000000700000000, 0x0000000800000000)
  region size 2048K, 4 young (8192K), 4 survivors (8192K)
 Metaspace       used 149868K, committed 150848K, reserved 1245184K
  class space    used 18931K, committed 19392K, reserved 1048576K
}
Event: 67.347 GC heap before
{Heap before GC invocations=76 (full 0):
 garbage-first heap   total 331776K, used 274710K [0x0000000700000000, 0x0000000800000000)
  region size 2048K, 25 young (51200K), 4 survivors (8192K)
 Metaspace       used 151899K, committed 152832K, reserved 1245184K
  class space    used 19195K, committed 19648K, reserved 1048576K
}
Event: 67.353 GC heap after
{Heap after GC invocations=77 (full 0):
 garbage-first heap   total 331776K, used 236382K [0x0000000700000000, 0x0000000800000000)
  region size 2048K, 3 young (6144K), 3 survivors (6144K)
 Metaspace       used 151899K, committed 152832K, reserved 1245184K
  class space    used 19195K, committed 19648K, reserved 1048576K
}
Event: 67.654 GC heap before
{Heap before GC invocations=77 (full 0):
 garbage-first heap   total 331776K, used 273246K [0x0000000700000000, 0x0000000800000000)
  region size 2048K, 22 young (45056K), 3 survivors (6144K)
 Metaspace       used 151975K, committed 152896K, reserved 1245184K
  class space    used 19196K, committed 19648K, reserved 1048576K
}
Event: 67.661 GC heap after
{Heap after GC invocations=78 (full 0):
 garbage-first heap   total 331776K, used 241118K [0x0000000700000000, 0x0000000800000000)
  region size 2048K, 3 young (6144K), 3 survivors (6144K)
 Metaspace       used 151975K, committed 152896K, reserved 1245184K
  class space    used 19196K, committed 19648K, reserved 1048576K
}
Event: 68.922 GC heap before
{Heap before GC invocations=78 (full 0):
 garbage-first heap   total 331776K, used 277982K [0x0000000700000000, 0x0000000800000000)
  region size 2048K, 21 young (43008K), 3 survivors (6144K)
 Metaspace       used 152430K, committed 153408K, reserved 1245184K
  class space    used 19221K, committed 19712K, reserved 1048576K
}
Event: 68.927 GC heap after
{Heap after GC invocations=79 (full 0):
 garbage-first heap   total 331776K, used 245297K [0x0000000700000000, 0x0000000800000000)
  region size 2048K, 3 young (6144K), 3 survivors (6144K)
 Metaspace       used 152430K, committed 153408K, reserved 1245184K
  class space    used 19221K, committed 19712K, reserved 1048576K
}
Event: 69.470 GC heap before
{Heap before GC invocations=79 (full 0):
 garbage-first heap   total 331776K, used 278065K [0x0000000700000000, 0x0000000800000000)
  region size 2048K, 20 young (40960K), 3 survivors (6144K)
 Metaspace       used 152643K, committed 153600K, reserved 1245184K
  class space    used 19252K, committed 19712K, reserved 1048576K
}
Event: 69.478 GC heap after
{Heap after GC invocations=80 (full 0):
 garbage-first heap   total 331776K, used 247450K [0x0000000700000000, 0x0000000800000000)
  region size 2048K, 2 young (4096K), 2 survivors (4096K)
 Metaspace       used 152643K, committed 153600K, reserved 1245184K
  class space    used 19252K, committed 19712K, reserved 1048576K
}
Event: 71.045 GC heap before
{Heap before GC invocations=81 (full 0):
 garbage-first heap   total 419840K, used 274074K [0x0000000700000000, 0x0000000800000000)
  region size 2048K, 19 young (38912K), 2 survivors (4096K)
 Metaspace       used 153912K, committed 154880K, reserved 1245184K
  class space    used 19431K, committed 19904K, reserved 1048576K
}
Event: 71.051 GC heap after
{Heap after GC invocations=82 (full 0):
 garbage-first heap   total 419840K, used 240865K [0x0000000700000000, 0x0000000800000000)
  region size 2048K, 2 young (4096K), 2 survivors (4096K)
 Metaspace       used 153912K, committed 154880K, reserved 1245184K
  class space    used 19431K, committed 19904K, reserved 1048576K
}
Event: 71.492 GC heap before
{Heap before GC invocations=82 (full 0):
 garbage-first heap   total 419840K, used 255201K [0x0000000700000000, 0x0000000800000000)
  region size 2048K, 10 young (20480K), 2 survivors (4096K)
 Metaspace       used 154957K, committed 155904K, reserved 1245184K
  class space    used 19576K, committed 20032K, reserved 1048576K
}
Event: 71.500 GC heap after
{Heap after GC invocations=83 (full 0):
 garbage-first heap   total 419840K, used 217538K [0x0000000700000000, 0x0000000800000000)
  region size 2048K, 2 young (4096K), 2 survivors (4096K)
 Metaspace       used 154957K, committed 155904K, reserved 1245184K
  class space    used 19576K, committed 20032K, reserved 1048576K
}
Event: 73.947 GC heap before
{Heap before GC invocations=83 (full 0):
 garbage-first heap   total 419840K, used 338370K [0x0000000700000000, 0x0000000800000000)
  region size 2048K, 61 young (124928K), 2 survivors (4096K)
 Metaspace       used 161344K, committed 162304K, reserved 1245184K
  class space    used 20641K, committed 21120K, reserved 1048576K
}
Event: 73.956 GC heap after
{Heap after GC invocations=84 (full 0):
 garbage-first heap   total 419840K, used 224835K [0x0000000700000000, 0x0000000800000000)
  region size 2048K, 6 young (12288K), 6 survivors (12288K)
 Metaspace       used 161344K, committed 162304K, reserved 1245184K
  class space    used 20641K, committed 21120K, reserved 1048576K
}
Event: 75.543 GC heap before
{Heap before GC invocations=84 (full 0):
 garbage-first heap   total 419840K, used 339523K [0x0000000700000000, 0x0000000800000000)
  region size 2048K, 63 young (129024K), 6 survivors (12288K)
 Metaspace       used 162780K, committed 163840K, reserved 1245184K
  class space    used 20827K, committed 21312K, reserved 1048576K
}
Event: 75.555 GC heap after
{Heap after GC invocations=85 (full 0):
 garbage-first heap   total 419840K, used 232982K [0x0000000700000000, 0x0000000800000000)
  region size 2048K, 8 young (16384K), 8 survivors (16384K)
 Metaspace       used 162780K, committed 163840K, reserved 1245184K
  class space    used 20827K, committed 21312K, reserved 1048576K
}

